<?xml version="1.0" encoding="UTF-8"?>
<!-- Generated by org.testng.reporters.JUnitReportReporter -->
<testsuite hostname="LAPTOP-QKMQD4TL" failures="0" tests="1" name="Test1" time="1.592" errors="0" timestamp="2021-10-09T21:01:15 CEST" skipped="0">
  <testcase classname="Test1" name="doLogin" time="1.592"/>
  <system-out/>
</testsuite> <!-- Test1 -->
